[debug] [2024-03-23T05:17:05.423Z] ----------------------------------------------------------------------
[debug] [2024-03-23T05:17:05.432Z] Command:       /usr/local/bin/node /usr/local/bin/firebase init
[debug] [2024-03-23T05:17:05.433Z] CLI Version:   13.5.2
[debug] [2024-03-23T05:17:05.433Z] Platform:      linux
[debug] [2024-03-23T05:17:05.434Z] Node Version:  v20.11.1
[debug] [2024-03-23T05:17:05.434Z] Time:          Sat Mar 23 2024 08:17:05 GMT+0300 (East Africa Time)
[debug] [2024-03-23T05:17:05.434Z] ----------------------------------------------------------------------
[debug] 
[debug] [2024-03-23T05:17:05.440Z] > command requires scopes: ["email","openid","https://www.googleapis.com/auth/cloudplatformprojects.readonly","https://www.googleapis.com/auth/firebase","https://www.googleapis.com/auth/cloud-platform"]
[debug] [2024-03-23T05:17:05.440Z] > authorizing via signed-in user (biniamdnl@gmail.com)
[info] 
     ######## #### ########  ######## ########     ###     ######  ########
     ##        ##  ##     ## ##       ##     ##  ##   ##  ##       ##
     ######    ##  ########  ######   ########  #########  ######  ######
     ##        ##  ##    ##  ##       ##     ## ##     ##       ## ##
     ##       #### ##     ## ######## ########  ##     ##  ######  ########

You're about to initialize a Firebase project in this directory:

  /home/biniam/Projects/web_projects/rately-landing

[info] 
=== Project Setup
[info] 
[info] First, let's associate this project directory with a Firebase project.
[info] You can create multiple project aliases by running firebase use --add, 
[info] but for now we'll just set up a default project.
[info] 
[debug] [2024-03-23T05:17:47.755Z] >>> [apiv2][query] GET https://firebase.googleapis.com/v1beta1/projects pageSize=100
[debug] [2024-03-23T05:17:49.082Z] <<< [apiv2][status] GET https://firebase.googleapis.com/v1beta1/projects 200
[debug] [2024-03-23T05:17:49.083Z] <<< [apiv2][body] GET https://firebase.googleapis.com/v1beta1/projects [omitted]
[info] i  Using project rately-landing (Rately-landing) 
[info] 
=== Firestore Setup
[debug] [2024-03-23T05:17:54.197Z] >>> [apiv2][query] GET https://serviceusage.googleapis.com/v1/projects/rately-landing/services/firestore.googleapis.com [none]
[debug] [2024-03-23T05:17:54.197Z] >>> [apiv2][(partial)header] GET https://serviceusage.googleapis.com/v1/projects/rately-landing/services/firestore.googleapis.com x-goog-quota-user=projects/rately-landing
[debug] [2024-03-23T05:17:55.730Z] <<< [apiv2][status] GET https://serviceusage.googleapis.com/v1/projects/rately-landing/services/firestore.googleapis.com 200
[debug] [2024-03-23T05:17:55.731Z] <<< [apiv2][body] GET https://serviceusage.googleapis.com/v1/projects/rately-landing/services/firestore.googleapis.com [omitted]
[debug] [2024-03-23T05:17:55.733Z] >>> [apiv2][query] GET https://firestore.googleapis.com/v1/projects/rately-landing/databases/(default) [none]
[debug] [2024-03-23T05:17:57.173Z] <<< [apiv2][status] GET https://firestore.googleapis.com/v1/projects/rately-landing/databases/(default) 200
[debug] [2024-03-23T05:17:57.174Z] <<< [apiv2][body] GET https://firestore.googleapis.com/v1/projects/rately-landing/databases/(default) {"name":"projects/rately-landing/databases/(default)","uid":"f4cbcd25-ff19-4f7a-83a0-860d76a2392a","createTime":"2024-03-23T02:06:28.645633Z","updateTime":"2024-03-23T02:06:28.645633Z","locationId":"nam5","type":"FIRESTORE_NATIVE","concurrencyMode":"PESSIMISTIC","versionRetentionPeriod":"3600s","earliestVersionTime":"2024-03-23T04:17:57.057218Z","appEngineIntegrationMode":"DISABLED","keyPrefix":"s","pointInTimeRecoveryEnablement":"POINT_IN_TIME_RECOVERY_DISABLED","deleteProtectionState":"DELETE_PROTECTION_DISABLED","etag":"IOfPyoHRiYUDML6ouOamiYUD"}
[debug] [2024-03-23T05:17:57.174Z] database_type: FIRESTORE_NATIVE
[debug] [2024-03-23T05:17:57.175Z] > command requires scopes: ["email","openid","https://www.googleapis.com/auth/cloudplatformprojects.readonly","https://www.googleapis.com/auth/firebase","https://www.googleapis.com/auth/cloud-platform"]
[debug] [2024-03-23T05:17:57.176Z] > authorizing via signed-in user (biniamdnl@gmail.com)
[debug] [2024-03-23T05:17:57.176Z] [iam] checking project rately-landing for permissions ["firebase.projects.get"]
[debug] [2024-03-23T05:17:57.178Z] >>> [apiv2][query] POST https://cloudresourcemanager.googleapis.com/v1/projects/rately-landing:testIamPermissions [none]
[debug] [2024-03-23T05:17:57.178Z] >>> [apiv2][(partial)header] POST https://cloudresourcemanager.googleapis.com/v1/projects/rately-landing:testIamPermissions x-goog-quota-user=projects/rately-landing
[debug] [2024-03-23T05:17:57.178Z] >>> [apiv2][body] POST https://cloudresourcemanager.googleapis.com/v1/projects/rately-landing:testIamPermissions {"permissions":["firebase.projects.get"]}
[debug] [2024-03-23T05:17:58.533Z] <<< [apiv2][status] POST https://cloudresourcemanager.googleapis.com/v1/projects/rately-landing:testIamPermissions 200
[debug] [2024-03-23T05:17:58.533Z] <<< [apiv2][body] POST https://cloudresourcemanager.googleapis.com/v1/projects/rately-landing:testIamPermissions {"permissions":["firebase.projects.get"]}
[info] 
[info] Firestore Security Rules allow you to define how and when to allow
[info] requests. You can keep these rules in your project directory
[info] and publish them with firebase deploy.
[info] 
[debug] [2024-03-23T05:18:04.794Z] >>> [apiv2][query] GET https://firebaserules.googleapis.com/v1/projects/rately-landing/releases pageSize=10&pageToken=
[debug] [2024-03-23T05:18:06.207Z] <<< [apiv2][status] GET https://firebaserules.googleapis.com/v1/projects/rately-landing/releases 200
[debug] [2024-03-23T05:18:06.207Z] <<< [apiv2][body] GET https://firebaserules.googleapis.com/v1/projects/rately-landing/releases {"releases":[{"name":"projects/rately-landing/releases/cloud.firestore","rulesetName":"projects/rately-landing/rulesets/e0e956b3-5676-4d99-ba8a-bd87aa17034b","createTime":"2024-03-23T02:06:35.490018Z","updateTime":"2024-03-23T02:09:38.520149Z"}]}
[debug] [2024-03-23T05:18:06.208Z] Found ruleset: projects/rately-landing/rulesets/e0e956b3-5676-4d99-ba8a-bd87aa17034b
[debug] [2024-03-23T05:18:06.209Z] >>> [apiv2][query] GET https://firebaserules.googleapis.com/v1/projects/rately-landing/rulesets/e0e956b3-5676-4d99-ba8a-bd87aa17034b [none]
[debug] [2024-03-23T05:18:06.988Z] <<< [apiv2][status] GET https://firebaserules.googleapis.com/v1/projects/rately-landing/rulesets/e0e956b3-5676-4d99-ba8a-bd87aa17034b 200
[debug] [2024-03-23T05:18:06.989Z] <<< [apiv2][body] GET https://firebaserules.googleapis.com/v1/projects/rately-landing/rulesets/e0e956b3-5676-4d99-ba8a-bd87aa17034b [omitted]
[info] 
[info] Firestore indexes allow you to perform complex queries while
[info] maintaining performance that scales with the size of the result
[info] set. You can keep index definitions in your project directory
[info] and publish them with firebase deploy.
[info] 
[debug] [2024-03-23T05:18:09.894Z] >>> [apiv2][query] GET https://firestore.googleapis.com/v1/projects/rately-landing/databases/(default)/collectionGroups/-/indexes [none]
[debug] [2024-03-23T05:18:09.901Z] >>> [apiv2][query] GET https://firestore.googleapis.com/v1/projects/rately-landing/databases/(default)/collectionGroups/-/fields?filter=indexConfig.usesAncestorConfig=false OR ttlConfig:* [none]
[debug] [2024-03-23T05:18:11.213Z] <<< [apiv2][status] GET https://firestore.googleapis.com/v1/projects/rately-landing/databases/(default)/collectionGroups/-/fields?filter=indexConfig.usesAncestorConfig=false OR ttlConfig:* 200
[debug] [2024-03-23T05:18:11.213Z] <<< [apiv2][body] GET https://firestore.googleapis.com/v1/projects/rately-landing/databases/(default)/collectionGroups/-/fields?filter=indexConfig.usesAncestorConfig=false OR ttlConfig:* {"fields":[{"name":"projects/rately-landing/databases/(default)/collectionGroups/__default__/fields/*","indexConfig":{"indexes":[{"queryScope":"COLLECTION","fields":[{"fieldPath":"*","order":"ASCENDING"}],"state":"READY"},{"queryScope":"COLLECTION","fields":[{"fieldPath":"*","order":"DESCENDING"}],"state":"READY"},{"queryScope":"COLLECTION","fields":[{"fieldPath":"*","arrayConfig":"CONTAINS"}],"state":"READY"}]}}]}
[debug] [2024-03-23T05:18:11.308Z] <<< [apiv2][status] GET https://firestore.googleapis.com/v1/projects/rately-landing/databases/(default)/collectionGroups/-/indexes 200
[debug] [2024-03-23T05:18:11.309Z] <<< [apiv2][body] GET https://firestore.googleapis.com/v1/projects/rately-landing/databases/(default)/collectionGroups/-/indexes {}
[info] 
=== Hosting Setup
[debug] [2024-03-23T05:18:11.314Z] >>> [apiv2][query] GET https://firebase.googleapis.com/v1beta1/projects/rately-landing [none]
[debug] [2024-03-23T05:18:12.255Z] <<< [apiv2][status] GET https://firebase.googleapis.com/v1beta1/projects/rately-landing 200
[debug] [2024-03-23T05:18:12.256Z] <<< [apiv2][body] GET https://firebase.googleapis.com/v1beta1/projects/rately-landing {"projectId":"rately-landing","projectNumber":"443832689552","displayName":"Rately-landing","name":"projects/rately-landing","resources":{"hostingSite":"rately-landing"},"state":"ACTIVE","etag":"1_206a5814-467f-4f84-90f6-5d311d88e6e5"}
[info] 
[info] Your public directory is the folder (relative to your project directory) that
[info] will contain Hosting assets to be uploaded with firebase deploy. If you
[info] have a build process for your assets, use your build's output directory.
[info] 
[info] ✔  Wrote public/404.html 
[debug] [2024-03-23T05:18:26.752Z] >>> [apiv2][query] GET https://www.gstatic.com/firebasejs/releases.json [none]
[debug] [2024-03-23T05:18:27.411Z] <<< [apiv2][status] GET https://www.gstatic.com/firebasejs/releases.json 200
[debug] [2024-03-23T05:18:27.412Z] <<< [apiv2][body] GET https://www.gstatic.com/firebasejs/releases.json {"current":{"version":"10.9.0","browserURL":"https://www.gstatic.com/firebasejs/10.9.0/firebase.js","packageURL":"https://www.gstatic.com/firebasejs/10.9.0/firebase.tgz"},"live":{"version":"10.9","browserURL":"https://www.gstatic.com/firebasejs/live/10.9/firebase.js","packageURL":"https://www.gstatic.com/firebasejs/live/10.9/firebase.tgz"},"components":{"analytics":"https://www.gstatic.com/firebasejs/10.9.0/firebase-analytics.js","app":"https://www.gstatic.com/firebasejs/10.9.0/firebase-app.js","app-check":"https://www.gstatic.com/firebasejs/10.9.0/firebase-app-check.js","auth":"https://www.gstatic.com/firebasejs/10.9.0/firebase-auth.js","auth/cordova":"https://www.gstatic.com/firebasejs/10.9.0/firebase-auth/cordova.js","auth/web-extension":"https://www.gstatic.com/firebasejs/10.9.0/firebase-auth/web-extension.js","functions":"https://www.gstatic.com/firebasejs/10.9.0/firebase-functions.js","firestore":"https://www.gstatic.com/firebasejs/10.9.0/firebase-firestore.js","firestore/lite":"https://www.gstatic.com/firebasejs/10.9.0/firebase-firestore/lite.js","installations":"https://www.gstatic.com/firebasejs/10.9.0/firebase-installations.js","storage":"https://www.gstatic.com/firebasejs/10.9.0/firebase-storage.js","performance":"https://www.gstatic.com/firebasejs/10.9.0/firebase-performance.js","remote-config":"https://www.gstatic.com/firebasejs/10.9.0/firebase-remote-config.js","messaging":"https://www.gstatic.com/firebasejs/10.9.0/firebase-messaging.js","messaging/sw":"https://www.gstatic.com/firebasejs/10.9.0/firebase-messaging/sw.js","database":"https://www.gstatic.com/firebasejs/10.9.0/firebase-database.js","firestore.memory":"https://www.gstatic.com/firebasejs/10.9.0/firebase-firestore.memory.js"}}
[info] ✔  Wrote public/index.html 
[info] 
[info] i  Didn't detect a .git folder. Assuming /home/biniam/Projects/web_projects/rately-landing is the project root. 
[info] i  Authorizing with GitHub to upload your service account to a GitHub repository's secrets store. 
[info] 
[info] Visit this URL on this device to log in:
[info] https://github.com/login/oauth/authorize?client_id=89cf50f02ac6aaed3484&state=580955890&redirect_uri=http%3A%2F%2Flocalhost%3A9005&scope=read%3Auser%20repo%20public_repo
[info] 
[info] Waiting for authentication...
[debug] [2024-03-23T05:19:16.448Z] >>> [apiv2][query] POST https://github.com/login/oauth/access_token [none]
[debug] [2024-03-23T05:19:16.449Z] >>> [apiv2][body] POST https://github.com/login/oauth/access_token [stream]
[debug] [2024-03-23T05:19:17.355Z] <<< [apiv2][status] POST https://github.com/login/oauth/access_token 200
[debug] [2024-03-23T05:19:17.355Z] <<< [apiv2][body] POST https://github.com/login/oauth/access_token {"access_token":"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","token_type":"bearer","scope":"read:user,repo"}
[debug] [2024-03-23T05:19:17.441Z] >>> [apiv2][query] GET https://api.github.com/user [none]
[debug] [2024-03-23T05:19:18.231Z] <<< [apiv2][status] GET https://api.github.com/user 200
[debug] [2024-03-23T05:19:18.232Z] <<< [apiv2][body] GET https://api.github.com/user {"login":"biniam-bin","id":68496359,"node_id":"MDQ6VXNlcjY4NDk2MzU5","avatar_url":"https://avatars.githubusercontent.com/u/68496359?v=4","gravatar_id":"","url":"https://api.github.com/users/biniam-bin","html_url":"https://github.com/biniam-bin","followers_url":"https://api.github.com/users/biniam-bin/followers","following_url":"https://api.github.com/users/biniam-bin/following{/other_user}","gists_url":"https://api.github.com/users/biniam-bin/gists{/gist_id}","starred_url":"https://api.github.com/users/biniam-bin/starred{/owner}{/repo}","subscriptions_url":"https://api.github.com/users/biniam-bin/subscriptions","organizations_url":"https://api.github.com/users/biniam-bin/orgs","repos_url":"https://api.github.com/users/biniam-bin/repos","events_url":"https://api.github.com/users/biniam-bin/events{/privacy}","received_events_url":"https://api.github.com/users/biniam-bin/received_events","type":"User","site_admin":false,"name":"Biniam Daniel","company":"Techawks","blog":"https://biniam-daniel.web.app/","location":null,"email":null,"hireable":null,"bio":"The higher you go the wider you see","twitter_username":"biniam_daniel6","public_repos":64,"public_gists":0,"followers":2,"following":0,"created_at":"2020-07-19T08:21:22Z","updated_at":"2024-01-21T08:00:56Z","private_gists":0,"total_private_repos":9,"owned_private_repos":9,"disk_usage":118131,"collaborators":0,"two_factor_authentication":false,"plan":{"name":"free","space":976562499,"collaborators":0,"private_repos":10000}}
[info] 
[info] ✔  Success! Logged into GitHub as biniam-bin 
[info] 
